2025-09-20 11:08:05,270 - log - INFO - Бот инициализирован
2025-09-20 11:08:05,271 - log - INFO - Запуск бота...
2025-09-20 11:08:19,506 - log - INFO - Обработка команды /start от пользователя 1032157088
2025-09-20 11:08:22,346 - log - INFO - Команда confirm от пользователя 1032157088
2025-09-20 11:08:24,714 - log - INFO - Обработка callback: confirm:no от пользователя 1032157088
2025-09-20 11:37:37,705 - log - INFO - Бот инициализирован
2025-09-20 11:37:37,706 - log - INFO - Запуск бота...
2025-09-20 11:37:58,543 - log - INFO - Обработка команды /start от пользователя 1032157088
2025-09-20 11:43:55,606 - log - INFO - Бот инициализирован
2025-09-20 11:43:55,607 - log - INFO - Запуск бота...
2025-09-20 11:44:02,999 - log - INFO - Обработка команды /start от пользователя 1032157088
2025-09-20 13:13:58,109 - log - INFO - Обработка команды /start от пользователя 1032157088
2025-10-17 15:40:01,135 - log - INFO - Бот инициализирован
2025-10-17 15:40:01,135 - log - INFO - Запуск бота...
2025-10-17 15:40:39,798 - log - INFO - Обработка команды /start от пользователя 1032157088
2025-10-17 15:40:50,060 - log - INFO - KB-sum next step from id=1032157088 text='4 7\\' -> [4]
2025-10-17 15:40:57,133 - log - INFO - Обработка команды /start от пользователя 1032157088
2025-10-17 15:41:03,789 - log - INFO - KB-sum next step from id=1032157088 text='4 8' -> [4, 8]
2025-10-17 15:44:17,677 - log - INFO - Бот инициализирован
2025-10-17 15:44:17,678 - log - INFO - Запуск бота...
2025-10-17 15:44:34,317 - log - INFO - Обработка команды /start от пользователя 1032157088
2025-10-17 15:45:24,082 - log - INFO - Бот инициализирован
2025-10-17 15:45:24,083 - log - INFO - Запуск бота...
2025-10-17 15:45:32,245 - log - INFO - Команда confirm от пользователя 1032157088
2025-10-17 15:45:34,126 - log - INFO - Обработка callback: confirm:yes от пользователя 1032157088
2025-10-17 15:45:40,067 - log - INFO - Команда confirm от пользователя 1032157088
2025-10-17 15:45:41,524 - log - INFO - Обработка callback: confirm:no от пользователя 1032157088
2025-10-17 15:46:37,249 - log - INFO - Бот инициализирован
2025-10-17 15:46:37,250 - log - INFO - Запуск бота...
2025-10-17 15:47:32,319 - log - INFO - Бот инициализирован
2025-10-17 15:47:32,320 - log - INFO - Запуск бота...
2025-10-17 15:48:18,041 - log - INFO - Бот инициализирован
2025-10-17 15:48:18,042 - log - INFO - Запуск бота...
2025-10-17 15:48:27,411 - log - INFO - Обработка callback: confirm:yes от пользователя 1032157088
2025-10-17 15:50:03,693 - log - INFO - Бот инициализирован
2025-10-17 15:50:03,695 - log - INFO - Запуск бота...
2025-10-17 15:50:13,105 - log - INFO - Обработка callback: confirm:yes от пользователя 1032157088
2025-10-17 23:33:06,416 - log - INFO - Обработка команды /start от пользователя 1032157088
2025-10-17 23:33:21,815 - log - INFO - Бот инициализирован
2025-10-17 23:33:21,816 - log - INFO - Запуск бота...
2025-10-17 23:33:41,390 - log - INFO - Команда hide от пользователя 1032157088
2025-10-17 23:33:55,800 - log - INFO - Обработка команды /start от пользователя 1032157088
2025-10-17 23:34:10,207 - log - INFO - Команда sum от пользователя 1032157088
2025-10-17 23:34:10,207 - log - WARNING - Числа не найдены в команде sum: /sum
